<?xml version="1.0" encoding="UTF-8"?>
<!-- Generated by org.testng.reporters.JUnitReportReporter -->
<testsuite skipped="0" hostname="krupal-PC" name="pageAction.LaunchFB" tests="1" failures="0" timestamp="19 Oct 2018 12:27:47 GMT" time="9.251" errors="0">
  <testcase name="facebook" time="9.251" classname="pageAction.LaunchFB"/>
</testsuite> <!-- pageAction.LaunchFB -->
