<?xml version="1.0" encoding="UTF-8"?>
<!-- Generated by org.testng.reporters.JUnitReportReporter -->
<testsuite skipped="0" hostname="krupal-PC" name="pageAction.LaunchSF" tests="1" failures="0" timestamp="18 Oct 2018 15:49:47 GMT" time="10.070" errors="0">
  <testcase name="salesForce" time="10.070" classname="pageAction.LaunchSF"/>
</testsuite> <!-- pageAction.LaunchSF -->
